IP: ::1 - December 14, 2021, 6:21 am- Type => tours details - URL => en/usd/tour/tanta/spectaculars-of-the-nile-3-nights/36/17-12-2021/1/0/0
------------------------------------
IP: ::1 - December 14, 2021, 6:21 am- Type => tours booking - URL => tours/booking
------------------------------------
IP: ::1 - December 14, 2021, 6:22 am- Type => tours booking - URL => tours/booking
------------------------------------
IP: ::1 - December 14, 2021, 6:22 am- Type => tours booking - URL => tours/booking
------------------------------------
IP: ::1 - December 14, 2021, 6:23 am- Type => tours booking - URL => tours/booking
------------------------------------
IP: ::1 - December 14, 2021, 6:24 am- Type => tours booking - URL => tours/booking
------------------------------------
IP: ::1 - December 14, 2021, 6:24 am- Type => tours booking - URL => tours/booking
------------------------------------
IP: ::1 - December 14, 2021, 6:25 am- Type => tours booking - URL => tours/booking
------------------------------------
IP: ::1 - December 14, 2021, 6:25 am- Type => tours booking - URL => tours/booking
------------------------------------
IP: ::1 - December 14, 2021, 6:26 am- Type => tours booking - URL => tours/booking
------------------------------------
IP: ::1 - December 14, 2021, 6:29 am- Type => tours booking - URL => tours/booking
------------------------------------
IP: ::1 - December 14, 2021, 6:29 am- Type => tours booking - URL => tours/booking
------------------------------------
IP: ::1 - December 14, 2021, 6:30 am- Type => tours details - URL => en/usd/tour/tanta/spectaculars-of-the-nile-3-nights/36/17-12-2021/1/0/0
------------------------------------
IP: ::1 - December 14, 2021, 6:30 am- Type => tours booking - URL => tours/booking
------------------------------------
IP: ::1 - December 14, 2021, 6:30 am- Type => tours details - URL => en/usd/tour/tanta/spectaculars-of-the-nile-3-nights/36/17-12-2021/1/0/0
------------------------------------
IP: ::1 - December 14, 2021, 6:30 am- Type => tours booking - URL => tours/booking
------------------------------------
IP: ::1 - December 14, 2021, 6:32 am- Type => tours booking - URL => tours/booking
------------------------------------
IP: ::1 - December 14, 2021, 6:33 am- Type => tours details - URL => en/usd/tour/tanta/spectaculars-of-the-nile-3-nights/36/17-12-2021/1/0/0
------------------------------------
IP: ::1 - December 14, 2021, 6:33 am- Type => tours booking - URL => tours/booking
------------------------------------
IP: ::1 - December 14, 2021, 7:01 am- Type => tours booking - URL => tours/booking
------------------------------------
IP: ::1 - December 14, 2021, 7:05 am- Type => tours booking - URL => tours/booking
------------------------------------
IP: ::1 - December 14, 2021, 10:31 am- Type => Flights Search - URL => en/usd/flights/del/bom/oneway/economy/17-12-2021/1/0/0
------------------------------------
IP: ::1 - December 14, 2021, 10:31 am- Type => Flights Search - URL => en/usd/flights/del/bom/return/economy/17-12-2021/22-12-2021/1/0/0
------------------------------------
IP: ::1 - December 14, 2021, 10:31 am- Type => Visa search  - URL => visa/submit/ax/ax/17-12-2021
------------------------------------
IP: ::1 - December 14, 2021, 10:31 am- Type => Hotels Details  - URL => en/usd/hotel/singapore/swissotel-le-plaza-basel/39/17-12-2021/18-12-2021/1/2/0/1/IN/IN/0
------------------------------------
IP: ::1 - December 14, 2021, 10:32 am- Type => Flights Search - URL => en/usd/flights/del/bom/return/economy/17-12-2021/22-12-2021/1/0/0
------------------------------------
