IP: ::1 - November 28, 2021, 5:15 am- Type => Hotels Details  - URL => en/usd/hotel/singapore/swissotel-le-plaza-basel/39/01-12-2021/02-12-2021/1/2/0/1/IN/IN/0
------------------------------------
IP: ::1 - November 28, 2021, 5:15 am- Type => Flights Search - URL => en/usd/flights/cgk/dps/oneway/economy/03-12-2021/1/0/0
------------------------------------
IP: ::1 - November 28, 2021, 5:36 am- Type => Hotels Details  - URL => en/usd/hotel/singapore/swissotel-le-plaza-basel/39/01-12-2021/02-12-2021/1/2/0/1/IN/IN/0
------------------------------------
IP: ::1 - November 28, 2021, 5:37 am- Type => Hotels Search - URL => en/usd/hotels/singapore/01-12-2021/02-12-2021/1/2/0/IN
------------------------------------
IP: ::1 - November 28, 2021, 5:37 am- Type => Hotels Details  - URL => en/usd/hotel/singapore/rendezvous-hotels/40/01-12-2021/02-12-2021/1/2/0/1/IN/0/0/
------------------------------------
IP: ::1 - November 28, 2021, 5:38 am- Type => tours Search - URL => en/usd/tours/tanta/02-12-2021/1/0
------------------------------------
IP: ::1 - November 28, 2021, 6:29 am- Type => tours details - URL => en/usd/tour/tanta/spectaculars-of-the-nile-3-nights/36/01-12-2021/1/0/0
------------------------------------
IP: ::1 - November 28, 2021, 6:29 am- Type => tours details - URL => en/usd/tour/tanta/spectaculars-of-the-nile-3-nights/36/01-12-2021/1/0/0
------------------------------------
IP: ::1 - November 28, 2021, 6:29 am- Type => tours details - URL => en/usd/tour/tanta/spectaculars-of-the-nile-3-nights/36/01-12-2021/1/0/0
------------------------------------
IP: ::1 - November 28, 2021, 6:31 am- Type => tours details - URL => en/usd/tour/tanta/spectaculars-of-the-nile-3-nights/36/01-12-2021/1/0/0
------------------------------------
IP: ::1 - November 28, 2021, 6:32 am- Type => tours details - URL => en/usd/tour/tanta/spectaculars-of-the-nile-3-nights/36/01-12-2021/1/0/0
------------------------------------
IP: ::1 - November 28, 2021, 6:33 am- Type => tours details - URL => en/usd/tour/tanta/spectaculars-of-the-nile-3-nights/36/01-12-2021/1/0/0
------------------------------------
IP: ::1 - November 28, 2021, 6:33 am- Type => tours details - URL => en/usd/tour/tanta/spectaculars-of-the-nile-3-nights/36/01-12-2021/1/0/0
------------------------------------
IP: ::1 - November 28, 2021, 6:33 am- Type => tours details - URL => en/usd/tour/tanta/spectaculars-of-the-nile-3-nights/36/01-12-2021/1/0/0
------------------------------------
IP: ::1 - November 28, 2021, 6:34 am- Type => tours details - URL => en/usd/tour/tanta/spectaculars-of-the-nile-3-nights/36/01-12-2021/1/0/0
------------------------------------
IP: ::1 - November 28, 2021, 6:34 am- Type => tours details - URL => en/usd/tour/north-bondi/sydney-and-bondi-beach-explorer/32/01-12-2021/1/0/0
------------------------------------
IP: ::1 - November 28, 2021, 6:34 am- Type => tours details - URL => en/usd/tour/north-bondi/sydney-and-bondi-beach-explorer/32/01-12-2021/1/0/0
------------------------------------
IP: ::1 - November 28, 2021, 6:34 am- Type => tours details - URL => en/usd/tour/north-bondi/sydney-and-bondi-beach-explorer/32/01-12-2021/1/0/0
------------------------------------
IP: ::1 - November 28, 2021, 6:35 am- Type => tours details - URL => en/usd/tour/north-bondi/sydney-and-bondi-beach-explorer/32/01-12-2021/1/0/0
------------------------------------
IP: ::1 - November 28, 2021, 6:36 am- Type => tours details - URL => en/usd/tour/north-bondi/sydney-and-bondi-beach-explorer/32/01-12-2021/1/0/0
------------------------------------
IP: ::1 - November 28, 2021, 6:37 am- Type => tours details - URL => en/usd/tour/north-bondi/sydney-and-bondi-beach-explorer/32/01-12-2021/1/0/0
------------------------------------
IP: ::1 - November 28, 2021, 6:37 am- Type => tours booking - URL => tours/booking
------------------------------------
IP: ::1 - November 28, 2021, 6:38 am- Type => tours booking - URL => tours/booking
------------------------------------
IP: ::1 - November 28, 2021, 6:43 am- Type => Hotels Details  - URL => en/usd/hotel/singapore/swissotel-le-plaza-basel/39/01-12-2021/02-12-2021/1/2/0/1/IN/IN/0
------------------------------------
IP: ::1 - November 28, 2021, 6:43 am- Type => Hotels Booking - URL => hotels/booking
------------------------------------
IP: ::1 - November 28, 2021, 6:43 am- Type => Hotel Book  - URL => hotels/book
------------------------------------
IP: ::1 - November 28, 2021, 6:43 am- Type => Flights Search - URL => en/usd/flights/cgk/dps/oneway/economy/03-12-2021/1/0/0
------------------------------------
IP: ::1 - November 28, 2021, 6:43 am- Type => Flights Search - URL => en/usd/flights/del/bom/oneway/economy/03-12-2021/1/0/0
------------------------------------
IP: ::1 - November 28, 2021, 6:44 am- Type => Flights Search - URL => en/usd/flights/del/bom/oneway/economy/03-12-2021/1/0/0
------------------------------------
IP: ::1 - November 28, 2021, 6:44 am- Type => Flights Search - URL => en/usd/flights/del/bom/oneway/economy/03-12-2021/1/0/0
------------------------------------
IP: ::1 - November 28, 2021, 6:44 am- Type => Flights Search - URL => en/usd/flights/del/bom/oneway/economy/03-12-2021/1/0/0
------------------------------------
IP: ::1 - November 28, 2021, 6:45 am- Type => Flights Search - URL => en/usd/flights/del/bom/oneway/economy/03-12-2021/1/0/0
------------------------------------
IP: ::1 - November 28, 2021, 6:45 am- Type => Flights Search - URL => en/usd/flights/del/bom/oneway/economy/03-12-2021/1/0/0
------------------------------------
IP: ::1 - November 28, 2021, 6:46 am- Type => tours details - URL => en/usd/tour/cairo/day-visit-of-petra-from-oman/28/01-12-2021/1/0/0
------------------------------------
IP: ::1 - November 28, 2021, 6:49 am- Type => Flights Search - URL => en/usd/flights/dxb/rml/oneway/economy/03-12-2021/1/0/0
------------------------------------
IP: ::1 - November 28, 2021, 6:49 am- Type => Hotels Details  - URL => en/usd/hotel/singapore/rendezvous-hotels/40/01-12-2021/02-12-2021/1/2/0/1/IN/IN/0
------------------------------------
IP: ::1 - November 28, 2021, 6:50 am- Type => tours details - URL => en/usd/tour/tanta/spectaculars-of-the-nile-3-nights/36/01-12-2021/1/0/0
------------------------------------
IP: ::1 - November 28, 2021, 7:18 am- Type => tours details - URL => en/usd/tour/tanta/spectaculars-of-the-nile-3-nights/36/01-12-2021/1/0/0
------------------------------------
