IP: ::1 - October 7, 2021, 3:14 pm- Type => Hotels Search - URL => en/usd/hotels/koh-samui/10-10-2021/11-10-2021/1/2/0/PK
------------------------------------
IP: ::1 - October 7, 2021, 3:20 pm- Type => Hotels Search - URL => en/usd/hotels/koh-samui/10-10-2021/11-10-2021/1/2/0/PK
------------------------------------
IP: ::1 - October 7, 2021, 3:21 pm- Type => Hotels Search - URL => en/usd/hotels/koh-samui/10-10-2021/11-10-2021/1/2/0/PK
------------------------------------
IP: ::1 - October 7, 2021, 3:22 pm- Type => Hotels Search - URL => en/usd/hotels/koh-samui/10-10-2021/11-10-2021/1/2/0/PK
------------------------------------
IP: ::1 - October 7, 2021, 3:22 pm- Type => Hotels Search - URL => en/usd/hotels/koh-samui/10-10-2021/11-10-2021/1/2/0/PK
------------------------------------
IP: ::1 - October 7, 2021, 3:36 pm- Type => Hotels Search - URL => en/usd/hotels/koh-samui-/10-10-2021/11-10-2021/1/2/0/PK
------------------------------------
IP: ::1 - October 7, 2021, 3:36 pm- Type => Hotels Search - URL => en/usd/hotels/koh-samui/10-10-2021/11-10-2021/1/2/0/PK
------------------------------------
IP: ::1 - October 7, 2021, 3:39 pm- Type => Hotels Search - URL => en/usd/hotels/dubai/10-10-2021/11-10-2021/1/2/0/PK
------------------------------------
IP: ::1 - October 7, 2021, 3:39 pm- Type => Hotels Search - URL => en/usd/hotels/koh-samui-/10-10-2021/11-10-2021/1/2/0/IN
------------------------------------
IP: ::1 - October 7, 2021, 3:39 pm- Type => Hotels Search - URL => en/usd/hotels/koh-samui/10-10-2021/11-10-2021/1/2/0/IN
------------------------------------
IP: ::1 - October 7, 2021, 3:39 pm- Type => Hotels Search - URL => en/usd/hotels/koh-samui-/10-10-2021/11-10-2021/1/2/0/IN
------------------------------------
IP: ::1 - October 7, 2021, 3:39 pm- Type => Hotels Search - URL => en/usd/hotels/koh-samui-/10-10-2021/11-10-2021/1/2/0/IN
------------------------------------
IP: ::1 - October 7, 2021, 3:49 pm- Type => Hotels Search - URL => en/usd/hotels/koh-samui-/10-10-2021/11-10-2021/1/2/0/PK
------------------------------------
IP: ::1 - October 7, 2021, 3:55 pm- Type => Hotels Search - URL => en/usd/hotels/koh-samui/10-10-2021/11-10-2021/1/2/0/PK
------------------------------------
IP: ::1 - October 7, 2021, 3:55 pm- Type => Hotels Search - URL => en/usd/hotels/dubai/10-10-2021/11-10-2021/1/2/0/PK
------------------------------------
IP: ::1 - October 7, 2021, 4:03 pm- Type => Hotels Search - URL => en/usd/hotels/dubai/10-10-2021/11-10-2021/1/2/0/PK
------------------------------------
IP: ::1 - October 7, 2021, 4:06 pm- Type => Hotels Search - URL => en/usd/hotels/dubai/10-10-2021/11-10-2021/1/2/0/PK
------------------------------------
IP: ::1 - October 7, 2021, 4:07 pm- Type => Hotels Search - URL => en/usd/hotels/dubai/10-10-2021/11-10-2021/1/2/0/PK
------------------------------------
IP: ::1 - October 7, 2021, 4:08 pm- Type => Hotels Search - URL => en/usd/hotels/dubai/10-10-2021/11-10-2021/1/2/0/PK
------------------------------------
IP: ::1 - October 7, 2021, 4:09 pm- Type => Hotels Search - URL => en/usd/hotels/dubai/10-10-2021/11-10-2021/1/2/0/PK
------------------------------------
IP: ::1 - October 7, 2021, 4:23 pm- Type => Hotels Search - URL => en/usd/hotels/dubai/20-10-2021/23-10-2021/1/2/0/PK
------------------------------------
IP: ::1 - October 7, 2021, 4:23 pm- Type => Hotels Details  - URL => en/usd/hotel/dubai/oasis-beach-tower/33/20-10-2021/23-10-2021/1/2/0/1/PK/0/0/
------------------------------------
IP: ::1 - October 7, 2021, 4:24 pm- Type => Hotels Search - URL => en/usd/hotels/dubai/20-10-2021/23-10-2021/1/2/0/PK
------------------------------------
IP: ::1 - October 7, 2021, 4:34 pm- Type => Hotels Search - URL => en/usd/hotels/dubai/20-10-2021/23-10-2021/1/2/0/PK
------------------------------------
IP: ::1 - October 7, 2021, 4:41 pm- Type => Hotels Details  - URL => en/usd/hotel/dubai/holiday-inn-express-dubai,-internet-city/173109/20-10-2021/23-10-2021/1/2/0/47/PK/AE/968/
------------------------------------
IP: ::1 - October 7, 2021, 4:58 pm- Type => Hotels Booking - URL => hotels/booking
------------------------------------
IP: ::1 - October 7, 2021, 5:00 pm- Type => Hotels Booking - URL => hotels/booking
------------------------------------
IP: ::1 - October 7, 2021, 5:01 pm- Type => Hotels Search - URL => en/usd/hotels/dubai/20-10-2021/23-10-2021/1/2/0/PK
------------------------------------
IP: ::1 - October 7, 2021, 5:01 pm- Type => Hotels Details  - URL => en/usd/hotel/dubai/oasis-beach-tower/33/20-10-2021/23-10-2021/1/2/0/1/PK/0/0/
------------------------------------
IP: ::1 - October 7, 2021, 5:01 pm- Type => Hotels Booking - URL => hotels/booking
------------------------------------
IP: ::1 - October 7, 2021, 5:03 pm- Type => Hotels Booking - URL => hotels/booking
------------------------------------
IP: ::1 - October 7, 2021, 5:04 pm- Type => Hotels Booking - URL => hotels/booking
------------------------------------
IP: ::1 - October 7, 2021, 5:05 pm- Type => Hotels Booking - URL => hotels/booking
------------------------------------
IP: ::1 - October 7, 2021, 5:06 pm- Type => Hotels Booking - URL => hotels/booking
------------------------------------
IP: ::1 - October 7, 2021, 5:19 pm- Type => Hotels Search - URL => en/usd/hotels/dubai/20-10-2021/23-10-2021/1/2/0/PK
------------------------------------
IP: ::1 - October 7, 2021, 5:20 pm- Type => Hotels Details  - URL => en/usd/hotel/dubai/centro-barsha/287327/20-10-2021/23-10-2021/1/2/0/47/PK/AE/968/
------------------------------------
IP: ::1 - October 7, 2021, 5:20 pm- Type => Hotels Booking - URL => hotels/booking
------------------------------------
IP: ::1 - October 7, 2021, 5:21 pm- Type => Hotels Details  - URL => en/usd/hotel/dubai/centro-barsha/287327/20-10-2021/23-10-2021/1/2/0/47/PK/AE/968/
------------------------------------
IP: ::1 - October 7, 2021, 5:22 pm- Type => Hotels Search - URL => en/usd/hotels/dubai/20-10-2021/23-10-2021/1/2/0/PK
------------------------------------
IP: ::1 - October 7, 2021, 5:22 pm- Type => Hotels Search - URL => en/usd/hotels/dubai/20-10-2021/23-10-2021/1/2/0/PK
------------------------------------
IP: ::1 - October 7, 2021, 5:23 pm- Type => Hotels Details  - URL => en/usd/hotel/dubai/centro-barsha/287327/20-10-2021/23-10-2021/1/2/0/47/PK/AE/968/
------------------------------------
IP: ::1 - October 7, 2021, 5:23 pm- Type => Hotels Booking - URL => hotels/booking
------------------------------------
IP: ::1 - October 7, 2021, 5:23 pm- Type => Hotels Details  - URL => en/usd/hotel/dubai/centro-barsha/287327/20-10-2021/23-10-2021/1/2/0/47/PK/AE/968/
------------------------------------
IP: ::1 - October 7, 2021, 5:24 pm- Type => Hotels Booking - URL => hotels/booking
------------------------------------
IP: ::1 - October 7, 2021, 10:44 pm- Type => Hotels Search - URL => en/usd/hotels/dubai/20-10-2021/23-10-2021/1/2/0/PK
------------------------------------
IP: ::1 - October 7, 2021, 10:44 pm- Type => Hotels Details  - URL => en/usd/hotel/dubai/hyatt-regency-perth/38/20-10-2021/23-10-2021/1/2/0/1/PK/0/0/
------------------------------------
IP: ::1 - October 7, 2021, 10:44 pm- Type => Hotels Booking - URL => hotels/booking
------------------------------------
IP: ::1 - October 7, 2021, 10:45 pm- Type => Hotel Book  - URL => hotels/book
------------------------------------
